<?xml version="1.0" encoding="UTF-8"?>
<testsuite name="com.example.firstproject.service.ArticleServiceTest" tests="1" skipped="0" failures="0" errors="0" timestamp="2022-06-26T13:39:20" hostname="DESKTOP-IT5SRED" time="0.219">
  <properties/>
  <testcase name="index()" classname="com.example.firstproject.service.ArticleServiceTest" time="0.219"/>
  <system-out><![CDATA[22:39:16.251 [Test worker] DEBUG org.springframework.test.context.BootstrapUtils - Instantiating CacheAwareContextLoaderDelegate from class [org.springframework.test.context.cache.DefaultCacheAwareContextLoaderDelegate]
22:39:16.260 [Test worker] DEBUG org.springframework.test.context.BootstrapUtils - Instantiating BootstrapContext using constructor [public org.springframework.test.context.support.DefaultBootstrapContext(java.lang.Class,org.springframework.test.context.CacheAwareContextLoaderDelegate)]
22:39:16.293 [Test worker] DEBUG org.springframework.test.context.BootstrapUtils - Instantiating TestContextBootstrapper for test class [com.example.firstproject.service.ArticleServiceTest] from class [org.springframework.boot.test.context.SpringBootTestContextBootstrapper]
22:39:16.304 [Test worker] INFO org.springframework.boot.test.context.SpringBootTestContextBootstrapper - Neither @ContextConfiguration nor @ContextHierarchy found for test class [com.example.firstproject.service.ArticleServiceTest], using SpringBootContextLoader
22:39:16.307 [Test worker] DEBUG org.springframework.test.context.support.AbstractContextLoader - Did not detect default resource location for test class [com.example.firstproject.service.ArticleServiceTest]: class path resource [com/example/firstproject/service/ArticleServiceTest-context.xml] does not exist
22:39:16.307 [Test worker] DEBUG org.springframework.test.context.support.AbstractContextLoader - Did not detect default resource location for test class [com.example.firstproject.service.ArticleServiceTest]: class path resource [com/example/firstproject/service/ArticleServiceTestContext.groovy] does not exist
22:39:16.308 [Test worker] INFO org.springframework.test.context.support.AbstractContextLoader - Could not detect default resource locations for test class [com.example.firstproject.service.ArticleServiceTest]: no resource found for suffixes {-context.xml, Context.groovy}.
22:39:16.308 [Test worker] INFO org.springframework.test.context.support.AnnotationConfigContextLoaderUtils - Could not detect default configuration classes for test class [com.example.firstproject.service.ArticleServiceTest]: ArticleServiceTest does not declare any static, non-private, non-final, nested classes annotated with @Configuration.
22:39:16.342 [Test worker] DEBUG org.springframework.test.context.support.ActiveProfilesUtils - Could not find an 'annotation declaring class' for annotation type [org.springframework.test.context.ActiveProfiles] and class [com.example.firstproject.service.ArticleServiceTest]
22:39:16.394 [Test worker] DEBUG org.springframework.context.annotation.ClassPathScanningCandidateComponentProvider - Identified candidate component class: file [C:\Users\user\Desktop\firstproject\build\classes\java\main\com\example\firstproject\FirstprojectApplication.class]
22:39:16.395 [Test worker] INFO org.springframework.boot.test.context.SpringBootTestContextBootstrapper - Found @SpringBootConfiguration com.example.firstproject.FirstprojectApplication for test class com.example.firstproject.service.ArticleServiceTest
22:39:16.481 [Test worker] DEBUG org.springframework.boot.test.context.SpringBootTestContextBootstrapper - @TestExecutionListeners is not present for class [com.example.firstproject.service.ArticleServiceTest]: using defaults.
22:39:16.481 [Test worker] INFO org.springframework.boot.test.context.SpringBootTestContextBootstrapper - Loaded default TestExecutionListener class names from location [META-INF/spring.factories]: [org.springframework.boot.test.autoconfigure.restdocs.RestDocsTestExecutionListener, org.springframework.boot.test.autoconfigure.web.client.MockRestServiceServerResetTestExecutionListener, org.springframework.boot.test.autoconfigure.web.servlet.MockMvcPrintOnlyOnFailureTestExecutionListener, org.springframework.boot.test.autoconfigure.web.servlet.WebDriverTestExecutionListener, org.springframework.boot.test.autoconfigure.webservices.client.MockWebServiceServerTestExecutionListener, org.springframework.boot.test.mock.mockito.MockitoTestExecutionListener, org.springframework.boot.test.mock.mockito.ResetMocksTestExecutionListener, org.springframework.test.context.web.ServletTestExecutionListener, org.springframework.test.context.support.DirtiesContextBeforeModesTestExecutionListener, org.springframework.test.context.event.ApplicationEventsTestExecutionListener, org.springframework.test.context.support.DependencyInjectionTestExecutionListener, org.springframework.test.context.support.DirtiesContextTestExecutionListener, org.springframework.test.context.transaction.TransactionalTestExecutionListener, org.springframework.test.context.jdbc.SqlScriptsTestExecutionListener, org.springframework.test.context.event.EventPublishingTestExecutionListener]
22:39:16.502 [Test worker] INFO org.springframework.boot.test.context.SpringBootTestContextBootstrapper - Using TestExecutionListeners: [org.springframework.test.context.web.ServletTestExecutionListener@32c726ee, org.springframework.test.context.support.DirtiesContextBeforeModesTestExecutionListener@22f31dec, org.springframework.test.context.event.ApplicationEventsTestExecutionListener@34c01041, org.springframework.boot.test.mock.mockito.MockitoTestExecutionListener@76f4b65, org.springframework.boot.test.autoconfigure.SpringBootDependencyInjectionTestExecutionListener@c94fd30, org.springframework.test.context.support.DirtiesContextTestExecutionListener@36328d33, org.springframework.test.context.transaction.TransactionalTestExecutionListener@2c4d1ac, org.springframework.test.context.jdbc.SqlScriptsTestExecutionListener@7f0d96f2, org.springframework.test.context.event.EventPublishingTestExecutionListener@545b995e, org.springframework.boot.test.autoconfigure.restdocs.RestDocsTestExecutionListener@76a2ddf3, org.springframework.boot.test.autoconfigure.web.client.MockRestServiceServerResetTestExecutionListener@524f3b3a, org.springframework.boot.test.autoconfigure.web.servlet.MockMvcPrintOnlyOnFailureTestExecutionListener@41e68d87, org.springframework.boot.test.autoconfigure.web.servlet.WebDriverTestExecutionListener@49ff7d8c, org.springframework.boot.test.autoconfigure.webservices.client.MockWebServiceServerTestExecutionListener@29526c05, org.springframework.boot.test.mock.mockito.ResetMocksTestExecutionListener@2ef14fe]
22:39:16.505 [Test worker] DEBUG org.springframework.test.context.support.AbstractDirtiesContextTestExecutionListener - Before test class: context [DefaultTestContext@5ce8d869 testClass = ArticleServiceTest, testInstance = [null], testMethod = [null], testException = [null], mergedContextConfiguration = [WebMergedContextConfiguration@27eedb64 testClass = ArticleServiceTest, locations = '{}', classes = '{class com.example.firstproject.FirstprojectApplication}', contextInitializerClasses = '[]', activeProfiles = '{}', propertySourceLocations = '{}', propertySourceProperties = '{org.springframework.boot.test.context.SpringBootTestContextBootstrapper=true}', contextCustomizers = set[org.springframework.boot.test.autoconfigure.actuate.metrics.MetricsExportContextCustomizerFactory$DisableMetricExportContextCustomizer@16eb3ea3, org.springframework.boot.test.autoconfigure.properties.PropertyMappingContextCustomizer@0, org.springframework.boot.test.autoconfigure.web.servlet.WebDriverContextCustomizerFactory$Customizer@183ec003, org.springframework.boot.test.context.filter.ExcludeFilterContextCustomizer@3e08ff24, org.springframework.boot.test.json.DuplicateJsonObjectContextCustomizerFactory$DuplicateJsonObjectContextCustomizer@24569dba, org.springframework.boot.test.mock.mockito.MockitoContextCustomizer@0, org.springframework.boot.test.web.client.TestRestTemplateContextCustomizer@1040be71, org.springframework.boot.test.context.SpringBootTestArgs@1, org.springframework.boot.test.context.SpringBootTestWebEnvironment@3c9d0b9d], resourceBasePath = 'src/main/webapp', contextLoader = 'org.springframework.boot.test.context.SpringBootContextLoader', parent = [null]], attributes = map['org.springframework.test.context.web.ServletTestExecutionListener.activateListener' -> true]], class annotated with @DirtiesContext [false] with mode [null].

  .   ____          _            __ _ _
 /\\ / ___'_ __ _ _(_)_ __  __ _ \ \ \ \
( ( )\___ | '_ | '_| | '_ \/ _` | \ \ \ \
 \\/  ___)| |_)| | | | | || (_| |  ) ) ) )
  '  |____| .__|_| |_|_| |_\__, | / / / /
 =========|_|==============|___/=/_/_/_/
 :: Spring Boot ::                (v2.6.7)

2022-06-26 22:39:16.797  INFO 10580 --- [    Test worker] c.e.f.service.ArticleServiceTest         : Starting ArticleServiceTest using Java 1.8.0_332 on DESKTOP-IT5SRED with PID 10580 (started by user in C:\Users\user\Desktop\firstproject)
2022-06-26 22:39:16.798  INFO 10580 --- [    Test worker] c.e.f.service.ArticleServiceTest         : No active profile set, falling back to 1 default profile: "default"
2022-06-26 22:39:17.289  INFO 10580 --- [    Test worker] .s.d.r.c.RepositoryConfigurationDelegate : Bootstrapping Spring Data JPA repositories in DEFAULT mode.
2022-06-26 22:39:17.343  INFO 10580 --- [    Test worker] .s.d.r.c.RepositoryConfigurationDelegate : Finished Spring Data repository scanning in 44 ms. Found 1 JPA repository interfaces.
2022-06-26 22:39:17.837  INFO 10580 --- [    Test worker] com.zaxxer.hikari.HikariDataSource       : HikariPool-1 - Starting...
2022-06-26 22:39:18.030  INFO 10580 --- [    Test worker] com.zaxxer.hikari.HikariDataSource       : HikariPool-1 - Start completed.
2022-06-26 22:39:18.086  INFO 10580 --- [    Test worker] o.hibernate.jpa.internal.util.LogHelper  : HHH000204: Processing PersistenceUnitInfo [name: default]
2022-06-26 22:39:18.139  INFO 10580 --- [    Test worker] org.hibernate.Version                    : HHH000412: Hibernate ORM core version 5.6.8.Final
2022-06-26 22:39:18.293  INFO 10580 --- [    Test worker] o.hibernate.annotations.common.Version   : HCANN000001: Hibernate Commons Annotations {5.1.2.Final}
2022-06-26 22:39:18.415  INFO 10580 --- [    Test worker] org.hibernate.dialect.Dialect            : HHH000400: Using dialect: org.hibernate.dialect.H2Dialect
2022-06-26 22:39:18.891 DEBUG 10580 --- [    Test worker] org.hibernate.SQL                        : 
    
    drop table if exists article CASCADE 
2022-06-26 22:39:18.896 DEBUG 10580 --- [    Test worker] org.hibernate.SQL                        : 
    
    create table article (
       id bigint generated by default as identity,
        content varchar(255),
        title varchar(255),
        primary key (id)
    )
2022-06-26 22:39:18.905  INFO 10580 --- [    Test worker] o.h.e.t.j.p.i.JtaPlatformInitiator       : HHH000490: Using JtaPlatform implementation: [org.hibernate.engine.transaction.jta.platform.internal.NoJtaPlatform]
2022-06-26 22:39:18.913  INFO 10580 --- [    Test worker] j.LocalContainerEntityManagerFactoryBean : Initialized JPA EntityManagerFactory for persistence unit 'default'
2022-06-26 22:39:19.353  WARN 10580 --- [    Test worker] JpaBaseConfiguration$JpaWebConfiguration : spring.jpa.open-in-view is enabled by default. Therefore, database queries may be performed during view rendering. Explicitly configure spring.jpa.open-in-view to disable this warning
2022-06-26 22:39:19.587  INFO 10580 --- [    Test worker] o.s.b.a.h2.H2ConsoleAutoConfiguration    : H2 console available at '/h2-console'. Database available at 'jdbc:h2:mem:testdb'
2022-06-26 22:39:20.009  INFO 10580 --- [    Test worker] c.e.f.service.ArticleServiceTest         : Started ArticleServiceTest in 3.474 seconds (JVM running for 4.458)
2022-06-26 22:39:20.219 DEBUG 10580 --- [    Test worker] org.hibernate.SQL                        : 
    select
        article0_.id as id1_0_,
        article0_.content as content2_0_,
        article0_.title as title3_0_ 
    from
        article article0_
]]></system-out>
  <system-err><![CDATA[]]></system-err>
</testsuite>
